<?xml version="1.0" encoding="UTF-8"?>
<!-- Generated by org.testng.reporters.JUnitXMLReporter -->
<testsuite ignored="2" hostname="N-5CG72665JY" failures="0" tests="1" name="Default test" time="10.029" errors="0" timestamp="2020-03-08T17:24:18 IST">
  <testcase classname="io.vlabs.testng.data.TC_Selenium_01" name="gmailTest" time="2.677"/>
  <testcase classname="io.vlabs.testng.data.TC_Selenium_01" name="googleLogoTest" time="0.0">
    <ignored/>
  </testcase> <!-- googleLogoTest -->
  <testcase classname="io.vlabs.testng.data.TC_Selenium_01" name="googleTitleTest" time="0.0">
    <ignored/>
  </testcase> <!-- googleTitleTest -->
</testsuite> <!-- Default test -->
