<?xml version="1.0" encoding="UTF-8"?>
<!-- Generated by org.testng.reporters.JUnitXMLReporter -->
<testsuite ignored="0" hostname="N-5CG72665JY" failures="0" tests="3" name="Default test" time="19.363" errors="0" timestamp="2020-03-03T08:34:39 IST">
  <testcase classname="io.vlabs.testng.data.TC_Selenium_01" name="googleLogoTest" time="0.163"/>
  <testcase classname="io.vlabs.testng.data.TC_Selenium_01" name="googleTitleTest" time="0.033"/>
  <testcase classname="io.vlabs.testng.data.TC_Selenium_01" name="mailLinkTest" time="0.138"/>
</testsuite> <!-- Default test -->
