<?xml version="1.0" encoding="UTF-8"?>
<testng-results ignored="0" total="2" passed="2" failed="0" skipped="0">
  <reporter-output>
  </reporter-output>
  <suite started-at="2020-03-02T22:26:08 IST" name="TestSuite" finished-at="2020-03-02T22:26:08 IST" duration-ms="78">
    <groups>
    </groups>
    <test started-at="2020-03-02T22:26:08 IST" name="Test" finished-at="2020-03-02T22:26:08 IST" duration-ms="78">
      <class name="io.vlabs.testng.data.TC_001">
        <test-method is-config="true" signature="method2()[pri:0, instance:io.vlabs.testng.data.TC_001@43ee72e6]" started-at="2020-03-02T22:26:08 IST" name="method2" finished-at="2020-03-02T22:26:08 IST" duration-ms="15" status="PASS">
          <reporter-output>
          </reporter-output>
        </test-method> <!-- method2 -->
        <test-method is-config="true" signature="method5()[pri:0, instance:io.vlabs.testng.data.TC_001@43ee72e6]" started-at="2020-03-02T22:26:08 IST" name="method5" finished-at="2020-03-02T22:26:08 IST" duration-ms="1" status="PASS">
          <reporter-output>
          </reporter-output>
        </test-method> <!-- method5 -->
        <test-method is-config="true" signature="method1()[pri:0, instance:io.vlabs.testng.data.TC_001@43ee72e6]" started-at="2020-03-02T22:26:08 IST" name="method1" finished-at="2020-03-02T22:26:08 IST" duration-ms="0" status="PASS">
          <reporter-output>
          </reporter-output>
        </test-method> <!-- method1 -->
        <test-method is-config="true" signature="method4()[pri:0, instance:io.vlabs.testng.data.TC_001@43ee72e6]" started-at="2020-03-02T22:26:08 IST" name="method4" finished-at="2020-03-02T22:26:08 IST" duration-ms="0" status="PASS">
          <reporter-output>
          </reporter-output>
        </test-method> <!-- method4 -->
        <test-method signature="method12()[pri:0, instance:io.vlabs.testng.data.TC_001@43ee72e6]" started-at="2020-03-02T22:26:08 IST" name="method12" finished-at="2020-03-02T22:26:08 IST" duration-ms="13" status="PASS">
          <reporter-output>
          </reporter-output>
        </test-method> <!-- method12 -->
        <test-method is-config="true" signature="method10()[pri:0, instance:io.vlabs.testng.data.TC_001@43ee72e6]" started-at="2020-03-02T22:26:08 IST" name="method10" finished-at="2020-03-02T22:26:08 IST" duration-ms="2" status="PASS">
          <reporter-output>
          </reporter-output>
        </test-method> <!-- method10 -->
        <test-method is-config="true" signature="method4()[pri:0, instance:io.vlabs.testng.data.TC_001@43ee72e6]" started-at="2020-03-02T22:26:08 IST" name="method4" finished-at="2020-03-02T22:26:08 IST" duration-ms="0" status="PASS">
          <reporter-output>
          </reporter-output>
        </test-method> <!-- method4 -->
        <test-method signature="method6()[pri:0, instance:io.vlabs.testng.data.TC_001@43ee72e6]" started-at="2020-03-02T22:26:08 IST" name="method6" finished-at="2020-03-02T22:26:08 IST" duration-ms="3" status="PASS">
          <reporter-output>
          </reporter-output>
        </test-method> <!-- method6 -->
        <test-method is-config="true" signature="method10()[pri:0, instance:io.vlabs.testng.data.TC_001@43ee72e6]" started-at="2020-03-02T22:26:08 IST" name="method10" finished-at="2020-03-02T22:26:08 IST" duration-ms="0" status="PASS">
          <reporter-output>
          </reporter-output>
        </test-method> <!-- method10 -->
        <test-method is-config="true" signature="method7()[pri:0, instance:io.vlabs.testng.data.TC_001@43ee72e6]" started-at="2020-03-02T22:26:08 IST" name="method7" finished-at="2020-03-02T22:26:08 IST" duration-ms="0" status="PASS">
          <reporter-output>
          </reporter-output>
        </test-method> <!-- method7 -->
        <test-method is-config="true" signature="method11()[pri:0, instance:io.vlabs.testng.data.TC_001@43ee72e6]" started-at="2020-03-02T22:26:08 IST" name="method11" finished-at="2020-03-02T22:26:08 IST" duration-ms="1" status="PASS">
          <reporter-output>
          </reporter-output>
        </test-method> <!-- method11 -->
        <test-method is-config="true" signature="method8()[pri:0, instance:io.vlabs.testng.data.TC_001@43ee72e6]" started-at="2020-03-02T22:26:08 IST" name="method8" finished-at="2020-03-02T22:26:08 IST" duration-ms="0" status="PASS">
          <reporter-output>
          </reporter-output>
        </test-method> <!-- method8 -->
      </class> <!-- io.vlabs.testng.data.TC_001 -->
    </test> <!-- Test -->
  </suite> <!-- TestSuite -->
</testng-results>
