<?xml version="1.0" encoding="UTF-8"?>
<testng-results ignored="2" total="3" passed="1" failed="0" skipped="0">
  <reporter-output>
  </reporter-output>
  <suite started-at="2020-03-08T17:24:07 IST" name="Default suite" finished-at="2020-03-08T17:24:18 IST" duration-ms="10029">
    <groups>
    </groups>
    <test started-at="2020-03-08T17:24:07 IST" name="Default test" finished-at="2020-03-08T17:24:18 IST" duration-ms="10029">
      <class name="io.vlabs.testng.data.TC_Selenium_01">
        <test-method is-config="true" signature="setUp()[pri:0, instance:io.vlabs.testng.data.TC_Selenium_01@65d6b83b]" started-at="2020-03-08T17:24:08 IST" name="setUp" finished-at="2020-03-08T17:24:14 IST" duration-ms="6362" status="PASS">
          <reporter-output>
          </reporter-output>
        </test-method> <!-- setUp -->
        <test-method signature="gmailTest()[pri:0, instance:io.vlabs.testng.data.TC_Selenium_01@65d6b83b]" started-at="2020-03-08T17:24:14 IST" name="gmailTest" finished-at="2020-03-08T17:24:17 IST" duration-ms="2677" status="PASS">
          <reporter-output>
          </reporter-output>
        </test-method> <!-- gmailTest -->
        <test-method is-config="true" signature="tearDown()[pri:0, instance:io.vlabs.testng.data.TC_Selenium_01@65d6b83b]" started-at="2020-03-08T17:24:17 IST" name="tearDown" finished-at="2020-03-08T17:24:17 IST" duration-ms="906" status="PASS">
          <reporter-output>
          </reporter-output>
        </test-method> <!-- tearDown -->
      </class> <!-- io.vlabs.testng.data.TC_Selenium_01 -->
    </test> <!-- Default test -->
  </suite> <!-- Default suite -->
</testng-results>
