<?xml version="1.0" encoding="UTF-8"?>
<!-- Generated by org.testng.reporters.JUnitXMLReporter -->
<testsuite ignored="0" hostname="N-5CG72665JY" failures="0" tests="4" name="Test" time="0.083" errors="0" timestamp="2020-03-08T12:58:30 IST">
  <testcase classname="io.vlabs.testng.data.TC_001" name="method12" time="0.006"/>
  <testcase classname="io.vlabs.testng.data.TC_001" name="method6" time="0.004"/>
  <testcase classname="io.vlabs.testng.data.TC_002" name="method12" time="0.002"/>
  <testcase classname="io.vlabs.testng.data.TC_002" name="method6" time="0.001"/>
</testsuite> <!-- Test -->
